Using pre-set license
Built from '2022.3/release' branch; Version is '2022.3.5f1 (9674261d40ee) revision 9860134'; Using compiler version '192829333'; Build Type 'Release'
OS: 'Windows 10  (10.0.19043) 64bit Professional' Language: 'ru' Physical Memory: 32636 MB
BatchMode: 1, IsHumanControllingUs: 0, StartBugReporterOnCrash: 0, Is64bit: 1, IsPro: 1

COMMAND LINE ARGUMENTS:
D:\Igor\unity\2022.3.5f1\Editor\Unity.exe
-adb2
-batchMode
-noUpm
-name
AssetImportWorker0
-projectPath
D:/Igor/unity/SDT
-logFile
Logs/AssetImportWorker0.log
-srvPort
5312
Successfully changed project path to: D:/Igor/unity/SDT
D:/Igor/unity/SDT
[UnityMemory] Configuration Parameters - Can be set up in boot.config
    "memorysetup-bucket-allocator-granularity=16"
    "memorysetup-bucket-allocator-bucket-count=8"
    "memorysetup-bucket-allocator-block-size=33554432"
    "memorysetup-bucket-allocator-block-count=8"
    "memorysetup-main-allocator-block-size=16777216"
    "memorysetup-thread-allocator-block-size=16777216"
    "memorysetup-gfx-main-allocator-block-size=16777216"
    "memorysetup-gfx-thread-allocator-block-size=16777216"
    "memorysetup-cache-allocator-block-size=4194304"
    "memorysetup-typetree-allocator-block-size=2097152"
    "memorysetup-profiler-bucket-allocator-granularity=16"
    "memorysetup-profiler-bucket-allocator-bucket-count=8"
    "memorysetup-profiler-bucket-allocator-block-size=33554432"
    "memorysetup-profiler-bucket-allocator-block-count=8"
    "memorysetup-profiler-allocator-block-size=16777216"
    "memorysetup-profiler-editor-allocator-block-size=1048576"
    "memorysetup-temp-allocator-size-main=16777216"
    "memorysetup-job-temp-allocator-block-size=2097152"
    "memorysetup-job-temp-allocator-block-size-background=1048576"
    "memorysetup-job-temp-allocator-reduction-small-platforms=262144"
    "memorysetup-allocator-temp-initial-block-size-main=262144"
    "memorysetup-allocator-temp-initial-block-size-worker=262144"
    "memorysetup-temp-allocator-size-background-worker=32768"
    "memorysetup-temp-allocator-size-job-worker=262144"
    "memorysetup-temp-allocator-size-preload-manager=33554432"
    "memorysetup-temp-allocator-size-nav-mesh-worker=65536"
    "memorysetup-temp-allocator-size-audio-worker=65536"
    "memorysetup-temp-allocator-size-cloud-worker=32768"
    "memorysetup-temp-allocator-size-gi-baking-worker=262144"
    "memorysetup-temp-allocator-size-gfx=262144"
Player connection [18340] Host "[IP] 192.168.0.107 [Port] 0 [Flags] 2 [Guid] 1332611072 [EditorId] 1332611072 [Version] 1048832 [Id] WindowsEditor(7,Lair) [Debug] 1 [PackageName] WindowsEditor [ProjectName] Editor" joined multi-casting on [225.0.0.222:54997]...

Player connection [18340] Host "[IP] 192.168.0.107 [Port] 0 [Flags] 2 [Guid] 1332611072 [EditorId] 1332611072 [Version] 1048832 [Id] WindowsEditor(7,Lair) [Debug] 1 [PackageName] WindowsEditor [ProjectName] Editor" joined alternative multi-casting on [225.0.0.222:34997]...

Refreshing native plugins compatible for Editor in 4.60 ms, found 3 plugins.
Preloading 0 native plugins for Editor in 0.00 ms.
Initialize engine version: 2022.3.5f1 (9674261d40ee)
[Subsystems] Discovering subsystems at path D:/Igor/unity/2022.3.5f1/Editor/Data/Resources/UnitySubsystems
[Subsystems] Discovering subsystems at path D:/Igor/unity/SDT/Assets
GfxDevice: creating device client; threaded=0; jobified=0
Direct3D:
    Version:  Direct3D 11.0 [level 11.1]
    Renderer: NVIDIA GeForce RTX 3060 (ID=0x2504)
    Vendor:   NVIDIA
    VRAM:     12115 MB
    Driver:   32.0.15.6636
Initialize mono
Mono path[0] = 'D:/Igor/unity/2022.3.5f1/Editor/Data/Managed'
Mono path[1] = 'D:/Igor/unity/2022.3.5f1/Editor/Data/MonoBleedingEdge/lib/mono/unityjit-win32'
Mono config path = 'D:/Igor/unity/2022.3.5f1/Editor/Data/MonoBleedingEdge/etc'
Using monoOptions --debugger-agent=transport=dt_socket,embedding=1,server=y,suspend=n,address=127.0.0.1:56980
Begin MonoManager ReloadAssembly
Registering precompiled unity dll's ...
Register platform support module: D:/Igor/unity/2022.3.5f1/Editor/Data/PlaybackEngines/WebGLSupport/UnityEditor.WebGL.Extensions.dll
Register platform support module: D:/Igor/unity/2022.3.5f1/Editor/Data/PlaybackEngines/AndroidPlayer/UnityEditor.Android.Extensions.dll
Register platform support module: D:/Igor/unity/2022.3.5f1/Editor/Data/PlaybackEngines/WindowsStandaloneSupport/UnityEditor.WindowsStandalone.Extensions.dll
Register platform support module: D:/Igor/unity/2022.3.5f1/Editor/Data/PlaybackEngines/LinuxStandaloneSupport/UnityEditor.LinuxStandalone.Extensions.dll
Registered in 0.006578 seconds.
- Loaded All Assemblies, in  0.320 seconds
Native extension for LinuxStandalone target not found
Native extension for WindowsStandalone target not found
Native extension for Android target not found
Android Extension - Scanning For ADB Devices 257 ms
Native extension for WebGL target not found
Mono: successfully reloaded assembly
- Finished resetting the current domain, in  0.599 seconds
Domain Reload Profiling: 919ms
	BeginReloadAssembly (80ms)
		ExecutionOrderSort (0ms)
		DisableScriptedObjects (0ms)
		BackupInstance (0ms)
		ReleaseScriptingObjects (0ms)
		CreateAndSetChildDomain (1ms)
	RebuildCommonClasses (30ms)
	RebuildNativeTypeToScriptingClass (10ms)
	initialDomainReloadingComplete (55ms)
	LoadAllAssembliesAndSetupDomain (145ms)
		LoadAssemblies (79ms)
		RebuildTransferFunctionScriptingTraits (0ms)
		AnalyzeDomain (141ms)
			TypeCache.Refresh (140ms)
				TypeCache.ScanAssembly (125ms)
			ScanForSourceGeneratedMonoScriptInfo (1ms)
			ResolveRequiredComponents (1ms)
	FinalizeReload (600ms)
		ReleaseScriptCaches (0ms)
		RebuildScriptCaches (0ms)
		SetupLoadedEditorAssemblies (539ms)
			LogAssemblyErrors (0ms)
			InitializePlatformSupportModulesInManaged (385ms)
			SetLoadedEditorAssemblies (4ms)
			RefreshPlugins (0ms)
			BeforeProcessingInitializeOnLoad (2ms)
			ProcessInitializeOnLoadAttributes (103ms)
			ProcessInitializeOnLoadMethodAttributes (45ms)
			AfterProcessingInitializeOnLoad (0ms)
			EditorAssembliesLoaded (0ms)
		ExecutionOrderSort2 (0ms)
		AwakeInstancesAfterBackupRestoration (0ms)
========================================================================
Worker process is ready to serve import requests
Begin MonoManager ReloadAssembly
- Loaded All Assemblies, in  0.743 seconds
Refreshing native plugins compatible for Editor in 1.94 ms, found 3 plugins.
Native extension for LinuxStandalone target not found
Native extension for WindowsStandalone target not found
Native extension for Android target not found
Native extension for WebGL target not found
Mono: successfully reloaded assembly
- Finished resetting the current domain, in  0.669 seconds
Domain Reload Profiling: 1412ms
	BeginReloadAssembly (128ms)
		ExecutionOrderSort (0ms)
		DisableScriptedObjects (8ms)
		BackupInstance (0ms)
		ReleaseScriptingObjects (0ms)
		CreateAndSetChildDomain (22ms)
	RebuildCommonClasses (37ms)
	RebuildNativeTypeToScriptingClass (12ms)
	initialDomainReloadingComplete (39ms)
	LoadAllAssembliesAndSetupDomain (527ms)
		LoadAssemblies (249ms)
		RebuildTransferFunctionScriptingTraits (0ms)
		AnalyzeDomain (336ms)
			TypeCache.Refresh (314ms)
				TypeCache.ScanAssembly (299ms)
			ScanForSourceGeneratedMonoScriptInfo (18ms)
			ResolveRequiredComponents (5ms)
	FinalizeReload (670ms)
		ReleaseScriptCaches (0ms)
		RebuildScriptCaches (0ms)
		SetupLoadedEditorAssemblies (498ms)
			LogAssemblyErrors (0ms)
			InitializePlatformSupportModulesInManaged (28ms)
			SetLoadedEditorAssemblies (4ms)
			RefreshPlugins (0ms)
			BeforeProcessingInitializeOnLoad (62ms)
			ProcessInitializeOnLoadAttributes (378ms)
			ProcessInitializeOnLoadMethodAttributes (24ms)
			AfterProcessingInitializeOnLoad (3ms)
			EditorAssembliesLoaded (0ms)
		ExecutionOrderSort2 (0ms)
		AwakeInstancesAfterBackupRestoration (5ms)
Launched and connected shader compiler UnityShaderCompiler.exe after 0.04 seconds
Refreshing native plugins compatible for Editor in 2.66 ms, found 3 plugins.
Preloading 0 native plugins for Editor in 0.00 ms.
Unloading 3719 Unused Serialized files (Serialized files now loaded: 0)
Unloading 49 unused Assets / (130.6 KB). Loaded Objects now: 4187.
Memory consumption went from 138.3 MB to 138.2 MB.
Total: 3.754800 ms (FindLiveObjects: 0.296200 ms CreateObjectMapping: 0.124100 ms MarkObjects: 3.188100 ms  DeleteObjects: 0.145300 ms)

AssetImportParameters requested are different than current active one (requested -> active):
  custom:container-demuxer-ogg: 62fdf1f143b41e24485cea50d1cbac27 -> 
  custom:video-decoder-ogg-theora: a1e56fd34408186e4bbccfd4996cb3dc -> 
  custom:framework-win-MediaFoundation: 216162199b28c13a410421893ffa2e32 -> 
  custom:CustomObjectIndexerAttribute: 756ad292c208cfabdd7b50bc23989ffe -> 
  custom:container-demuxer-webm: 4f35f7cbe854078d1ac9338744f61a02 -> 
  custom:container-muxer-webm: aa71ff27fc2769a1b78a27578f13a17b -> 
  custom:video-decoder-webm-vp8: 9c59270c3fd7afecdb556c50c9e8de78 -> 
  custom:AudioImporter_EditorPlatform: d09bf68614088b80899f8185d706f6e7 -> 
  custom:video-encoder-webm-vp8: eb34c28f22e8b96e1ab97ce403110664 -> 
  custom:audio-decoder-ogg-vorbis: bf7c407c2cedff20999df2af8eb42d56 -> 
  custom:audio-encoder-webm-vorbis: bf7c407c2cedff20999df2af8eb42d56 -> 
========================================================================
Received Import Request.
  Time since last request: 21020.475988 seconds.
  path: Assets/PolygonStarter/Models/SM_Generic_TreeDead_01.fbx
  artifactKey: Guid(996ce56108cedf54681396d4595224f5) Importer(2089858483,0ecaa5967403d082aa24f35e1b516d23)
Start importing Assets/PolygonStarter/Models/SM_Generic_TreeDead_01.fbx using Guid(996ce56108cedf54681396d4595224f5) Importer(2089858483,0ecaa5967403d082aa24f35e1b516d23)  -> (artifact id: '6958b5ac1d8a38b26c0483e3d191e1c8') in 0.194287 seconds
Number of updated asset objects reloaded before import = 0
Number of asset objects unloaded after import = 7
========================================================================
Received Import Request.
  Time since last request: 0.000023 seconds.
  path: Assets/PolygonStarter/Models/SM_Generic_Ground_01.fbx
  artifactKey: Guid(b74644f508e4826458cf428b1206664e) Importer(2089858483,0ecaa5967403d082aa24f35e1b516d23)
Start importing Assets/PolygonStarter/Models/SM_Generic_Ground_01.fbx using Guid(b74644f508e4826458cf428b1206664e) Importer(2089858483,0ecaa5967403d082aa24f35e1b516d23)  -> (artifact id: 'b447ea9ce572e68c491371b387936513') in 0.033090 seconds
Number of updated asset objects reloaded before import = 0
Number of asset objects unloaded after import = 7
========================================================================
Received Import Request.
  Time since last request: 0.000014 seconds.
  path: Assets/PolygonStarter/Prefabs/SM_Generic_Ground_04.prefab
  artifactKey: Guid(6cf950e757e075945b307868fc3bd60e) Importer(2089858483,0ecaa5967403d082aa24f35e1b516d23)
Start importing Assets/PolygonStarter/Prefabs/SM_Generic_Ground_04.prefab using Guid(6cf950e757e075945b307868fc3bd60e) Importer(2089858483,0ecaa5967403d082aa24f35e1b516d23)  -> (artifact id: '7e4126b82ea4e8a6d82e054b51cc2b98') in 0.009532 seconds
Number of updated asset objects reloaded before import = 0
Number of asset objects unloaded after import = 8
========================================================================
Received Import Request.
  Time since last request: 0.000014 seconds.
  path: Assets/PolygonStarter/Prefabs/SM_Generic_Small_Rocks_03.prefab
  artifactKey: Guid(7f14e8833dc154b44b20de9e6f911ca0) Importer(2089858483,0ecaa5967403d082aa24f35e1b516d23)
Start importing Assets/PolygonStarter/Prefabs/SM_Generic_Small_Rocks_03.prefab using Guid(7f14e8833dc154b44b20de9e6f911ca0) Importer(2089858483,0ecaa5967403d082aa24f35e1b516d23)  -> (artifact id: 'ceff038dae543b25c2ef21d98216f7e1') in 0.038083 seconds
Number of updated asset objects reloaded before import = 0
Number of asset objects unloaded after import = 7
========================================================================
Received Import Request.
  Time since last request: 0.000052 seconds.
  path: Assets/PolygonStarter/Models/SM_PolygonPrototype_Buildings_Floor_5x5_01P.fbx
  artifactKey: Guid(08b90f6a0b333ce47b856ad0651fdde4) Importer(2089858483,0ecaa5967403d082aa24f35e1b516d23)
Start importing Assets/PolygonStarter/Models/SM_PolygonPrototype_Buildings_Floor_5x5_01P.fbx using Guid(08b90f6a0b333ce47b856ad0651fdde4) Importer(2089858483,0ecaa5967403d082aa24f35e1b516d23)  -> (artifact id: '032c729925ea4d1efb9e6f3f9e947ca0') in 0.047304 seconds
Number of updated asset objects reloaded before import = 0
Number of asset objects unloaded after import = 7
========================================================================
Received Import Request.
  Time since last request: 0.000013 seconds.
  path: Assets/PolygonStarter/Models/SM_Generic_Small_Rocks_03.fbx
  artifactKey: Guid(a47f9d37300bbb645b151db3524e65a5) Importer(2089858483,0ecaa5967403d082aa24f35e1b516d23)
Start importing Assets/PolygonStarter/Models/SM_Generic_Small_Rocks_03.fbx using Guid(a47f9d37300bbb645b151db3524e65a5) Importer(2089858483,0ecaa5967403d082aa24f35e1b516d23)  -> (artifact id: '14f44d55976f5ad573aed23853cab5a4') in 0.024423 seconds
Number of updated asset objects reloaded before import = 0
Number of asset objects unloaded after import = 7
========================================================================
Received Import Request.
  Time since last request: 0.000022 seconds.
  path: Assets/PolygonStarter/Prefabs/SM_PolygonPrototype_Buildings_Stairs_1x3_01P.prefab
  artifactKey: Guid(d3f65bf385a3c3847ab550b32f3e53e8) Importer(2089858483,0ecaa5967403d082aa24f35e1b516d23)
Start importing Assets/PolygonStarter/Prefabs/SM_PolygonPrototype_Buildings_Stairs_1x3_01P.prefab using Guid(d3f65bf385a3c3847ab550b32f3e53e8) Importer(2089858483,0ecaa5967403d082aa24f35e1b516d23)  -> (artifact id: '8ce3ea15f6969df8374f819b681aed49') in 0.021423 seconds
Number of updated asset objects reloaded before import = 0
Number of asset objects unloaded after import = 8
========================================================================
Received Import Request.
  Time since last request: 0.000013 seconds.
  path: Assets/PolygonStarter/Materials/PolygonStarter_Mat_04.mat
  artifactKey: Guid(382781f3eb846ba4992cfb4e635c76ed) Importer(2089858483,0ecaa5967403d082aa24f35e1b516d23)
Start importing Assets/PolygonStarter/Materials/PolygonStarter_Mat_04.mat using Guid(382781f3eb846ba4992cfb4e635c76ed) Importer(2089858483,0ecaa5967403d082aa24f35e1b516d23)  -> (artifact id: '561cf621a31f5632e89675eb7b03b3fc') in 0.025466 seconds
Number of updated asset objects reloaded before import = 0
Number of asset objects unloaded after import = 2
========================================================================
Received Import Request.
  Time since last request: 0.000025 seconds.
  path: Assets/PolygonStarter/Models/SM_Bld_Door_01.fbx
  artifactKey: Guid(09581238a7eee2a448621efbc36abb72) Importer(2089858483,0ecaa5967403d082aa24f35e1b516d23)
Start importing Assets/PolygonStarter/Models/SM_Bld_Door_01.fbx using Guid(09581238a7eee2a448621efbc36abb72) Importer(2089858483,0ecaa5967403d082aa24f35e1b516d23)  -> (artifact id: '032d2c0ed24166d8096f1869bbe88abc') in 0.014539 seconds
Number of updated asset objects reloaded before import = 0
Number of asset objects unloaded after import = 7
========================================================================
Received Import Request.
  Time since last request: 0.000024 seconds.
  path: Assets/PolygonStarter/Models/SM_Bean_Town_Female_01.fbx
  artifactKey: Guid(f7e1d82bf18845c41bfe76f17769ef20) Importer(2089858483,0ecaa5967403d082aa24f35e1b516d23)
Start importing Assets/PolygonStarter/Models/SM_Bean_Town_Female_01.fbx using Guid(f7e1d82bf18845c41bfe76f17769ef20) Importer(2089858483,0ecaa5967403d082aa24f35e1b516d23)  -> (artifact id: '04264f8f78461113a8cdcc12acff4837') in 0.012825 seconds
Number of updated asset objects reloaded before import = 0
Number of asset objects unloaded after import = 7
========================================================================
Received Import Request.
  Time since last request: 0.000015 seconds.
  path: Assets/PolygonStarter/Models/SM_Generic_CloudRing_01.fbx
  artifactKey: Guid(c46fa2dcdad10a34d9cfcf6eaee6c3ed) Importer(2089858483,0ecaa5967403d082aa24f35e1b516d23)
Start importing Assets/PolygonStarter/Models/SM_Generic_CloudRing_01.fbx using Guid(c46fa2dcdad10a34d9cfcf6eaee6c3ed) Importer(2089858483,0ecaa5967403d082aa24f35e1b516d23)  -> (artifact id: '86e4b09bb715abb6c99679c27bf6139f') in 0.016666 seconds
Number of updated asset objects reloaded before import = 0
Number of asset objects unloaded after import = 7
========================================================================
Received Import Request.
  Time since last request: 0.000013 seconds.
  path: Assets/PolygonStarter/Prefabs/SM_Generic_Small_Rocks_04.prefab
  artifactKey: Guid(097c26aede8f73e41a32d546bd00e97f) Importer(2089858483,0ecaa5967403d082aa24f35e1b516d23)
Start importing Assets/PolygonStarter/Prefabs/SM_Generic_Small_Rocks_04.prefab using Guid(097c26aede8f73e41a32d546bd00e97f) Importer(2089858483,0ecaa5967403d082aa24f35e1b516d23)  -> (artifact id: '61bf22e0cc846148efaaca9b5f1ccf03') in 0.007876 seconds
Number of updated asset objects reloaded before import = 0
Number of asset objects unloaded after import = 7
========================================================================
Received Import Request.
  Time since last request: 0.000015 seconds.
  path: Assets/PolygonStarter/Models/SM_PolygonPrototype_Primitive_Sphere_01P.fbx
  artifactKey: Guid(d5e83122f8e5b6d4cae918de4ade20ed) Importer(2089858483,0ecaa5967403d082aa24f35e1b516d23)
Start importing Assets/PolygonStarter/Models/SM_PolygonPrototype_Primitive_Sphere_01P.fbx using Guid(d5e83122f8e5b6d4cae918de4ade20ed) Importer(2089858483,0ecaa5967403d082aa24f35e1b516d23)  -> (artifact id: 'cb059c780fa272f0ea466741e07824f2') in 0.024529 seconds
Number of updated asset objects reloaded before import = 0
Number of asset objects unloaded after import = 7
========================================================================
Received Import Request.
  Time since last request: 0.000015 seconds.
  path: Assets/PolygonStarter/Prefabs/SM_Generic_Ground_02.prefab
  artifactKey: Guid(2bd56128040193346a96ac4ec4bfa455) Importer(2089858483,0ecaa5967403d082aa24f35e1b516d23)
Start importing Assets/PolygonStarter/Prefabs/SM_Generic_Ground_02.prefab using Guid(2bd56128040193346a96ac4ec4bfa455) Importer(2089858483,0ecaa5967403d082aa24f35e1b516d23)  -> (artifact id: 'dfd6736a9df71e2f2212faa36612accd') in 0.007530 seconds
Number of updated asset objects reloaded before import = 0
Number of asset objects unloaded after import = 8
========================================================================
Received Import Request.
  Time since last request: 0.000015 seconds.
  path: Assets/PolygonStarter/Models/SM_PolygonPrototype_Buildings_Stairs_1x1_01P.fbx
  artifactKey: Guid(863c2e4bd290d4344bfa0c76e862a0cf) Importer(2089858483,0ecaa5967403d082aa24f35e1b516d23)
Start importing Assets/PolygonStarter/Models/SM_PolygonPrototype_Buildings_Stairs_1x1_01P.fbx using Guid(863c2e4bd290d4344bfa0c76e862a0cf) Importer(2089858483,0ecaa5967403d082aa24f35e1b516d23)  -> (artifact id: '4f1ec1960d86485a34ab13e348928797') in 0.015278 seconds
Number of updated asset objects reloaded before import = 0
Number of asset objects unloaded after import = 7
========================================================================
Received Import Request.
  Time since last request: 0.000016 seconds.
  path: Assets/PolygonStarter/Models/SM_PolygonCity_Veh_Car_Small_01.fbx
  artifactKey: Guid(3555aa14b7768e148a5d219046a2dc64) Importer(2089858483,0ecaa5967403d082aa24f35e1b516d23)
Start importing Assets/PolygonStarter/Models/SM_PolygonCity_Veh_Car_Small_01.fbx using Guid(3555aa14b7768e148a5d219046a2dc64) Importer(2089858483,0ecaa5967403d082aa24f35e1b516d23)  -> (artifact id: 'cf4333ef3074ad6e592f40be6d55c7aa') in 0.029115 seconds
Number of updated asset objects reloaded before import = 0
Number of asset objects unloaded after import = 42
========================================================================
Received Import Request.
  Time since last request: 0.000021 seconds.
  path: Assets/PolygonStarter/Materials/Misc/PolygonStarter_Mat_01_Glass.mat
  artifactKey: Guid(167faa9f54383f04987dcacc6372f1b4) Importer(2089858483,0ecaa5967403d082aa24f35e1b516d23)
Start importing Assets/PolygonStarter/Materials/Misc/PolygonStarter_Mat_01_Glass.mat using Guid(167faa9f54383f04987dcacc6372f1b4) Importer(2089858483,0ecaa5967403d082aa24f35e1b516d23)  -> (artifact id: 'f073ab52576efe70a207d651898d217d') in 0.011773 seconds
Number of updated asset objects reloaded before import = 0
Number of asset objects unloaded after import = 2
========================================================================
Received Import Request.
  Time since last request: 0.000018 seconds.
  path: Assets/PolygonStarter/Models/Collision/SM_Buildings_Stairs_1x3_01.fbx
  artifactKey: Guid(7ce50dc06d7bb62448b532080fd35371) Importer(2089858483,0ecaa5967403d082aa24f35e1b516d23)
Start importing Assets/PolygonStarter/Models/Collision/SM_Buildings_Stairs_1x3_01.fbx using Guid(7ce50dc06d7bb62448b532080fd35371) Importer(2089858483,0ecaa5967403d082aa24f35e1b516d23)  -> (artifact id: '8d50d8cb78df9451bab297d9b9347811') in 0.011715 seconds
Number of updated asset objects reloaded before import = 0
Number of asset objects unloaded after import = 7
========================================================================
Received Import Request.
  Time since last request: 0.000015 seconds.
  path: Assets/PolygonStarter/Models/Collision/SM_PolygonCity_Veh_Car_Small_01_Collision.fbx
  artifactKey: Guid(c9b502cc8dfc8c04fa7e6ad2d3f017ae) Importer(2089858483,0ecaa5967403d082aa24f35e1b516d23)
Start importing Assets/PolygonStarter/Models/Collision/SM_PolygonCity_Veh_Car_Small_01_Collision.fbx using Guid(c9b502cc8dfc8c04fa7e6ad2d3f017ae) Importer(2089858483,0ecaa5967403d082aa24f35e1b516d23)  -> (artifact id: 'aac4056b2b4a19e6609ef601b69eea8c') in 0.012662 seconds
Number of updated asset objects reloaded before import = 0
Number of asset objects unloaded after import = 7
========================================================================
Received Import Request.
  Time since last request: 0.000015 seconds.
  path: Assets/PolygonStarter/Models/Collision/SM_Buildings_Ramp_25_1x1_01.fbx
  artifactKey: Guid(489a905ef5c877d4a8e6f9fb1f7f55e5) Importer(2089858483,0ecaa5967403d082aa24f35e1b516d23)
Start importing Assets/PolygonStarter/Models/Collision/SM_Buildings_Ramp_25_1x1_01.fbx using Guid(489a905ef5c877d4a8e6f9fb1f7f55e5) Importer(2089858483,0ecaa5967403d082aa24f35e1b516d23)  -> (artifact id: 'fef10edd371f33104247149f8b380f46') in 0.024239 seconds
Number of updated asset objects reloaded before import = 0
Number of asset objects unloaded after import = 7
========================================================================
Received Import Request.
  Time since last request: 0.000016 seconds.
  path: Assets/PolygonStarter/Prefabs/SM_Prop_Plane_Ring_01.prefab
  artifactKey: Guid(bc59902fe8272d54da1ae082ff755757) Importer(2089858483,0ecaa5967403d082aa24f35e1b516d23)
Start importing Assets/PolygonStarter/Prefabs/SM_Prop_Plane_Ring_01.prefab using Guid(bc59902fe8272d54da1ae082ff755757) Importer(2089858483,0ecaa5967403d082aa24f35e1b516d23)  -> (artifact id: '34e1ed628e854d77745c7b3845d8568b') in 0.006962 seconds
Number of updated asset objects reloaded before import = 0
Number of asset objects unloaded after import = 8
========================================================================
Received Import Request.
  Time since last request: 0.000015 seconds.
  path: Assets/PolygonStarter/Prefabs/SM_Wep_Watergun_02.prefab
  artifactKey: Guid(787a31f2409a3f64c987faeb2a72ab86) Importer(2089858483,0ecaa5967403d082aa24f35e1b516d23)
Start importing Assets/PolygonStarter/Prefabs/SM_Wep_Watergun_02.prefab using Guid(787a31f2409a3f64c987faeb2a72ab86) Importer(2089858483,0ecaa5967403d082aa24f35e1b516d23)  -> (artifact id: '2df808e2761fadc12020b44878b4dd3a') in 0.006966 seconds
Number of updated asset objects reloaded before import = 0
Number of asset objects unloaded after import = 24
========================================================================
Received Import Request.
  Time since last request: 0.000017 seconds.
  path: Assets/PolygonStarter/Prefabs/SM_PolygonPrototype_Primitive_Cone_01P.prefab
  artifactKey: Guid(917b3e362cb87ec4c9f396c33a955af2) Importer(2089858483,0ecaa5967403d082aa24f35e1b516d23)
Start importing Assets/PolygonStarter/Prefabs/SM_PolygonPrototype_Primitive_Cone_01P.prefab using Guid(917b3e362cb87ec4c9f396c33a955af2) Importer(2089858483,0ecaa5967403d082aa24f35e1b516d23)  -> (artifact id: '69bac42727a38670614121c90a800420') in 0.007374 seconds
Number of updated asset objects reloaded before import = 0
Number of asset objects unloaded after import = 8
========================================================================
Received Import Request.
  Time since last request: 0.000016 seconds.
  path: Assets/PolygonStarter/Models/Collision/SM_PolygonApocalypse_Bld_House_01_Collision.fbx
  artifactKey: Guid(078a8d5463c9e294fa6b62999ab84a06) Importer(2089858483,0ecaa5967403d082aa24f35e1b516d23)
Start importing Assets/PolygonStarter/Models/Collision/SM_PolygonApocalypse_Bld_House_01_Collision.fbx using Guid(078a8d5463c9e294fa6b62999ab84a06) Importer(2089858483,0ecaa5967403d082aa24f35e1b516d23)  -> (artifact id: 'b9a06617475448513ddee312ca0bda20') in 0.012714 seconds
Number of updated asset objects reloaded before import = 0
Number of asset objects unloaded after import = 7
========================================================================
Received Import Request.
  Time since last request: 0.000018 seconds.
  path: Assets/PolygonStarter/Prefabs/SM_Wep_Watergun_01.prefab
  artifactKey: Guid(f528363d2aaa5d748ab9fcd16b601236) Importer(2089858483,0ecaa5967403d082aa24f35e1b516d23)
Start importing Assets/PolygonStarter/Prefabs/SM_Wep_Watergun_01.prefab using Guid(f528363d2aaa5d748ab9fcd16b601236) Importer(2089858483,0ecaa5967403d082aa24f35e1b516d23)  -> (artifact id: '65d06b8a5d5de8fb7b29b4dcf859e746') in 0.007286 seconds
Number of updated asset objects reloaded before import = 0
Number of asset objects unloaded after import = 24
========================================================================
Received Import Request.
  Time since last request: 0.000023 seconds.
  path: Assets/PolygonStarter/Materials/Plane/PolygonStarter_Mat_Plane_04.mat
  artifactKey: Guid(40b5b1cfe73d4444eb7e750bd8e3f90a) Importer(2089858483,0ecaa5967403d082aa24f35e1b516d23)
Start importing Assets/PolygonStarter/Materials/Plane/PolygonStarter_Mat_Plane_04.mat using Guid(40b5b1cfe73d4444eb7e750bd8e3f90a) Importer(2089858483,0ecaa5967403d082aa24f35e1b516d23)  -> (artifact id: 'd49f199bc0f2761ceb070b8ba99ad303') in 0.009640 seconds
Number of updated asset objects reloaded before import = 0
Number of asset objects unloaded after import = 2
========================================================================
Received Import Request.
  Time since last request: 0.000014 seconds.
  path: Assets/PolygonStarter/Textures/Polygon_Plane_Texture_04.png
  artifactKey: Guid(3c88dab59f29ae7439e1be3c8742bd88) Importer(2089858483,0ecaa5967403d082aa24f35e1b516d23)
Start importing Assets/PolygonStarter/Textures/Polygon_Plane_Texture_04.png using Guid(3c88dab59f29ae7439e1be3c8742bd88) Importer(2089858483,0ecaa5967403d082aa24f35e1b516d23)  -> (artifact id: '7e4e652bca529338cb0bfe9c84b44b00') in 0.049103 seconds
Number of updated asset objects reloaded before import = 0
Number of asset objects unloaded after import = 1
========================================================================
Received Import Request.
  Time since last request: 0.000015 seconds.
  path: Assets/PolygonStarter/Prefabs/SM_Generic_Small_Rocks_01.prefab
  artifactKey: Guid(39dfb394e864da84db3b1c7e8f517888) Importer(2089858483,0ecaa5967403d082aa24f35e1b516d23)
Start importing Assets/PolygonStarter/Prefabs/SM_Generic_Small_Rocks_01.prefab using Guid(39dfb394e864da84db3b1c7e8f517888) Importer(2089858483,0ecaa5967403d082aa24f35e1b516d23)  -> (artifact id: 'a97fcef8832546e9cfea44961554505f') in 0.010131 seconds
Number of updated asset objects reloaded before import = 0
Number of asset objects unloaded after import = 7
========================================================================
Received Import Request.
  Time since last request: 0.000015 seconds.
  path: Assets/PolygonStarter/Prefabs/SM_Generic_Mountains_Soft_01.prefab
  artifactKey: Guid(a114301c17a8f9d4e87a828e20f894a2) Importer(2089858483,0ecaa5967403d082aa24f35e1b516d23)
Start importing Assets/PolygonStarter/Prefabs/SM_Generic_Mountains_Soft_01.prefab using Guid(a114301c17a8f9d4e87a828e20f894a2) Importer(2089858483,0ecaa5967403d082aa24f35e1b516d23)  -> (artifact id: 'b05c4864a4458e048e66733a9446be45') in 0.007123 seconds
Number of updated asset objects reloaded before import = 0
Number of asset objects unloaded after import = 8
========================================================================
Received Import Request.
  Time since last request: 0.000015 seconds.
  path: Assets/PolygonStarter/Models/SM_PolygonPrototype_Primitive_Cylander_01P.fbx
  artifactKey: Guid(5cbb72520f7443f49b700d24eeec82e9) Importer(2089858483,0ecaa5967403d082aa24f35e1b516d23)
Start importing Assets/PolygonStarter/Models/SM_PolygonPrototype_Primitive_Cylander_01P.fbx using Guid(5cbb72520f7443f49b700d24eeec82e9) Importer(2089858483,0ecaa5967403d082aa24f35e1b516d23)  -> (artifact id: 'b81ff174d44b177d2f92bee52a56884d') in 0.012571 seconds
Number of updated asset objects reloaded before import = 0
Number of asset objects unloaded after import = 7
========================================================================
Received Import Request.
  Time since last request: 0.000017 seconds.
  path: Assets/PolygonStarter/Models/SM_Generic_Mountains_Soft_01.fbx
  artifactKey: Guid(5b6bb883199850f4ea31ea5bd06aaf03) Importer(2089858483,0ecaa5967403d082aa24f35e1b516d23)
Start importing Assets/PolygonStarter/Models/SM_Generic_Mountains_Soft_01.fbx using Guid(5b6bb883199850f4ea31ea5bd06aaf03) Importer(2089858483,0ecaa5967403d082aa24f35e1b516d23)  -> (artifact id: '64fa7af98420c5872b3c62e828522b6b') in 0.013336 seconds
Number of updated asset objects reloaded before import = 0
Number of asset objects unloaded after import = 7
========================================================================
Received Import Request.
  Time since last request: 0.000016 seconds.
  path: Assets/PolygonStarter/Textures/PolygonStarter_Texture_02.png
  artifactKey: Guid(1ef3316ad51610e4ea3782e70ea9be4a) Importer(2089858483,0ecaa5967403d082aa24f35e1b516d23)
Start importing Assets/PolygonStarter/Textures/PolygonStarter_Texture_02.png using Guid(1ef3316ad51610e4ea3782e70ea9be4a) Importer(2089858483,0ecaa5967403d082aa24f35e1b516d23)  -> (artifact id: 'd15b71c8a2c885676f422a7a74e7a4ba') in 0.015994 seconds
Number of updated asset objects reloaded before import = 0
Number of asset objects unloaded after import = 1
========================================================================
Received Import Request.
  Time since last request: 0.000035 seconds.
  path: Assets/PolygonStarter/Models/Collision/SM_Buildings_DoorFrame_01.fbx
  artifactKey: Guid(c7bd79f25c690294f893f8905d2264f5) Importer(2089858483,0ecaa5967403d082aa24f35e1b516d23)
Start importing Assets/PolygonStarter/Models/Collision/SM_Buildings_DoorFrame_01.fbx using Guid(c7bd79f25c690294f893f8905d2264f5) Importer(2089858483,0ecaa5967403d082aa24f35e1b516d23)  -> (artifact id: '29e61cc8163f8a23e2b74eeec36e837d') in 0.014375 seconds
Number of updated asset objects reloaded before import = 0
Number of asset objects unloaded after import = 7
========================================================================
Received Import Request.
  Time since last request: 0.000014 seconds.
  path: Assets/PolygonStarter/Models/SM_Prop_Plane_Ring_01.fbx
  artifactKey: Guid(8d1177ba3d7335442be5de9e2472ae26) Importer(2089858483,0ecaa5967403d082aa24f35e1b516d23)
Start importing Assets/PolygonStarter/Models/SM_Prop_Plane_Ring_01.fbx using Guid(8d1177ba3d7335442be5de9e2472ae26) Importer(2089858483,0ecaa5967403d082aa24f35e1b516d23)  -> (artifact id: '482b5b72a9d7cfffa14693a1a474f45b') in 0.012024 seconds
Number of updated asset objects reloaded before import = 0
Number of asset objects unloaded after import = 7
========================================================================
Received Import Request.
  Time since last request: 0.000019 seconds.
  path: Assets/PolygonStarter/Prefabs/SM_PolygonPrototype_Buildings_Column_2x3_01P.prefab
  artifactKey: Guid(a2e435ea5b0f606429670d1f3f1f1504) Importer(2089858483,0ecaa5967403d082aa24f35e1b516d23)
Start importing Assets/PolygonStarter/Prefabs/SM_PolygonPrototype_Buildings_Column_2x3_01P.prefab using Guid(a2e435ea5b0f606429670d1f3f1f1504) Importer(2089858483,0ecaa5967403d082aa24f35e1b516d23)  -> (artifact id: '0605fa18c0321601b24bd42b9f47e441') in 0.008333 seconds
Number of updated asset objects reloaded before import = 0
Number of asset objects unloaded after import = 8
========================================================================
Received Import Request.
  Time since last request: 0.000018 seconds.
  path: Assets/PolygonStarter/Models/SM_PolygonPrototype_Prop_Cone_01.fbx
  artifactKey: Guid(10f4e51254da985418a112d2dfe124f0) Importer(2089858483,0ecaa5967403d082aa24f35e1b516d23)
Start importing Assets/PolygonStarter/Models/SM_PolygonPrototype_Prop_Cone_01.fbx using Guid(10f4e51254da985418a112d2dfe124f0) Importer(2089858483,0ecaa5967403d082aa24f35e1b516d23)  -> (artifact id: 'c3991df077b666d0451a27ec52602ee5') in 0.015350 seconds
Number of updated asset objects reloaded before import = 0
Number of asset objects unloaded after import = 7
========================================================================
Received Import Request.
  Time since last request: 0.000015 seconds.
  path: Assets/PolygonStarter/Textures/PolygonStarter_Texture_01.png
  artifactKey: Guid(6cf54faba48b51c45af7d22ca798531f) Importer(2089858483,0ecaa5967403d082aa24f35e1b516d23)
Start importing Assets/PolygonStarter/Textures/PolygonStarter_Texture_01.png using Guid(6cf54faba48b51c45af7d22ca798531f) Importer(2089858483,0ecaa5967403d082aa24f35e1b516d23)  -> (artifact id: '90389088d2f76aaa81c1e5d252199705') in 0.016369 seconds
Number of updated asset objects reloaded before import = 0
Number of asset objects unloaded after import = 1
========================================================================
Received Import Request.
  Time since last request: 0.000017 seconds.
  path: Assets/PolygonStarter/Prefabs/SM_Generic_CloudRing_01.prefab
  artifactKey: Guid(280053154239720458c4b6093bfea66a) Importer(2089858483,0ecaa5967403d082aa24f35e1b516d23)
Start importing Assets/PolygonStarter/Prefabs/SM_Generic_CloudRing_01.prefab using Guid(280053154239720458c4b6093bfea66a) Importer(2089858483,0ecaa5967403d082aa24f35e1b516d23)  -> (artifact id: '2e4af2f0bf0eb7704d163b6843898d4e') in 0.005778 seconds
Number of updated asset objects reloaded before import = 0
Number of asset objects unloaded after import = 7
========================================================================
Received Import Request.
  Time since last request: 0.000014 seconds.
  path: Assets/PolygonStarter/Models/SM_PolygonPrototype_Icon_Arrow_Small_01.fbx
  artifactKey: Guid(b9979013b18adc147ac208c3520b982e) Importer(2089858483,0ecaa5967403d082aa24f35e1b516d23)
Start importing Assets/PolygonStarter/Models/SM_PolygonPrototype_Icon_Arrow_Small_01.fbx using Guid(b9979013b18adc147ac208c3520b982e) Importer(2089858483,0ecaa5967403d082aa24f35e1b516d23)  -> (artifact id: '30adf74bf90377f483eaf4cb899e1de9') in 0.015369 seconds
Number of updated asset objects reloaded before import = 0
Number of asset objects unloaded after import = 7
========================================================================
Received Import Request.
  Time since last request: 0.000022 seconds.
  path: Assets/PolygonStarter/Models/SM_PolygonPrototype_Prop_Sword_01.fbx
  artifactKey: Guid(5177448ec4a4be94ab1faeb920c5e49d) Importer(2089858483,0ecaa5967403d082aa24f35e1b516d23)
Start importing Assets/PolygonStarter/Models/SM_PolygonPrototype_Prop_Sword_01.fbx using Guid(5177448ec4a4be94ab1faeb920c5e49d) Importer(2089858483,0ecaa5967403d082aa24f35e1b516d23)  -> (artifact id: 'ba0a33f212b2b0a4644d5a18d969d276') in 0.013060 seconds
Number of updated asset objects reloaded before import = 0
Number of asset objects unloaded after import = 7
========================================================================
Received Import Request.
  Time since last request: 0.000025 seconds.
  path: Assets/PolygonStarter/Models/SM_Bean_Cop_01.fbx
  artifactKey: Guid(c89a73caf26194948b5a891401eaf18e) Importer(2089858483,0ecaa5967403d082aa24f35e1b516d23)
Start importing Assets/PolygonStarter/Models/SM_Bean_Cop_01.fbx using Guid(c89a73caf26194948b5a891401eaf18e) Importer(2089858483,0ecaa5967403d082aa24f35e1b516d23)  -> (artifact id: '49eaeb1f0ec243c85dd0dbd0853df7ed') in 0.014861 seconds
Number of updated asset objects reloaded before import = 0
Number of asset objects unloaded after import = 7
========================================================================
Received Import Request.
  Time since last request: 0.000019 seconds.
  path: Assets/PolygonStarter/Scenes/Demo.unity
  artifactKey: Guid(5215016c20f88ea498985ac3e0ab4f9d) Importer(2089858483,0ecaa5967403d082aa24f35e1b516d23)
Start importing Assets/PolygonStarter/Scenes/Demo.unity using Guid(5215016c20f88ea498985ac3e0ab4f9d) Importer(2089858483,0ecaa5967403d082aa24f35e1b516d23)  -> (artifact id: '27ae3abf92c76c6facf46d9aaaef7727') in 0.002693 seconds
Number of updated asset objects reloaded before import = 0
Number of asset objects unloaded after import = 1
========================================================================
Received Import Request.
  Time since last request: 0.000024 seconds.
  path: Assets/PolygonStarter/Prefabs/SM_PolygonPrototype_Buildings_Ramp_45_1x1_01P.prefab
  artifactKey: Guid(fc6f3424666dfda45bcbadbbf42e5968) Importer(2089858483,0ecaa5967403d082aa24f35e1b516d23)
Start importing Assets/PolygonStarter/Prefabs/SM_PolygonPrototype_Buildings_Ramp_45_1x1_01P.prefab using Guid(fc6f3424666dfda45bcbadbbf42e5968) Importer(2089858483,0ecaa5967403d082aa24f35e1b516d23)  -> (artifact id: '2408da124dc1087b4270465296cb8cf1') in 0.006523 seconds
Number of updated asset objects reloaded before import = 0
Number of asset objects unloaded after import = 8
========================================================================
Received Import Request.
  Time since last request: 0.000015 seconds.
  path: Assets/PolygonStarter/Prefabs/SM_Generic_Small_Rocks_05.prefab
  artifactKey: Guid(9c5ad4629ea7af7448f90e61ae1ea78d) Importer(2089858483,0ecaa5967403d082aa24f35e1b516d23)
Start importing Assets/PolygonStarter/Prefabs/SM_Generic_Small_Rocks_05.prefab using Guid(9c5ad4629ea7af7448f90e61ae1ea78d) Importer(2089858483,0ecaa5967403d082aa24f35e1b516d23)  -> (artifact id: 'fe6e31daa57f20f087af15172013ff15') in 0.006181 seconds
Number of updated asset objects reloaded before import = 0
Number of asset objects unloaded after import = 7
========================================================================
Received Import Request.
  Time since last request: 0.000013 seconds.
  path: Assets/PolygonStarter/Materials/PolygonStarter_Mat_01.mat
  artifactKey: Guid(dd41db2cdb4e66e4985303e1287ab101) Importer(2089858483,0ecaa5967403d082aa24f35e1b516d23)
Start importing Assets/PolygonStarter/Materials/PolygonStarter_Mat_01.mat using Guid(dd41db2cdb4e66e4985303e1287ab101) Importer(2089858483,0ecaa5967403d082aa24f35e1b516d23)  -> (artifact id: '607ac8371e244b4a301499ed4116e960') in 0.006315 seconds
Number of updated asset objects reloaded before import = 0
Number of asset objects unloaded after import = 2
========================================================================
Received Import Request.
  Time since last request: 0.000014 seconds.
  path: Assets/PolygonStarter/Prefabs/SM_PolygonPrototype_Primitive_Cylander_01P.prefab
  artifactKey: Guid(4ec4cfadebd96154690192fbd49e28b8) Importer(2089858483,0ecaa5967403d082aa24f35e1b516d23)
Start importing Assets/PolygonStarter/Prefabs/SM_PolygonPrototype_Primitive_Cylander_01P.prefab using Guid(4ec4cfadebd96154690192fbd49e28b8) Importer(2089858483,0ecaa5967403d082aa24f35e1b516d23)  -> (artifact id: '5f8894728958764b7ffad59280cb34ed') in 0.007520 seconds
Number of updated asset objects reloaded before import = 0
Number of asset objects unloaded after import = 8
========================================================================
Received Import Request.
  Time since last request: 0.000015 seconds.
  path: Assets/PolygonStarter/Models/SM_Generic_Tree_01.fbx
  artifactKey: Guid(eafcccb3a6a70464caf8371e0f6153df) Importer(2089858483,0ecaa5967403d082aa24f35e1b516d23)
Start importing Assets/PolygonStarter/Models/SM_Generic_Tree_01.fbx using Guid(eafcccb3a6a70464caf8371e0f6153df) Importer(2089858483,0ecaa5967403d082aa24f35e1b516d23)  -> (artifact id: '9001b47a44fc5daba0ebe940c622c54f') in 0.013398 seconds
Number of updated asset objects reloaded before import = 0
Number of asset objects unloaded after import = 7
========================================================================
Received Import Request.
  Time since last request: 0.000014 seconds.
  path: Assets/Animations/Running.fbx
  artifactKey: Guid(fb86bdfd8b5989946b299329d4d9a12f) Importer(2089858483,0ecaa5967403d082aa24f35e1b516d23)
Start importing Assets/Animations/Running.fbx using Guid(fb86bdfd8b5989946b299329d4d9a12f) Importer(2089858483,0ecaa5967403d082aa24f35e1b516d23)  -> (artifact id: 'f2ad5731d993c05d31328ca65bdc3077') in 0.025809 seconds
Number of updated asset objects reloaded before import = 0
Number of asset objects unloaded after import = 137
========================================================================
Received Import Request.
  Time since last request: 0.051898 seconds.
  path: Assets/PolygonStarter/Prefabs/Characters/SM_Bean_Female_01.prefab
  artifactKey: Guid(bc89cff11dc72544faaaa69b501fd596) Importer(2089858483,0ecaa5967403d082aa24f35e1b516d23)
Start importing Assets/PolygonStarter/Prefabs/Characters/SM_Bean_Female_01.prefab using Guid(bc89cff11dc72544faaaa69b501fd596) Importer(2089858483,0ecaa5967403d082aa24f35e1b516d23)  -> (artifact id: 'a39a3101f4d41359d399a685cb2354c9') in 0.008315 seconds
Number of updated asset objects reloaded before import = 0
Number of asset objects unloaded after import = 7
========================================================================
Received Prepare
Refreshing native plugins compatible for Editor in 1.85 ms, found 3 plugins.
Preloading 0 native plugins for Editor in 0.00 ms.
Unloading 1 Unused Serialized files (Serialized files now loaded: 0)
Unloading 2 unused Assets / (74.3 KB). Loaded Objects now: 4187.
Memory consumption went from 78.4 MB to 78.3 MB.
Total: 3.840100 ms (FindLiveObjects: 0.274500 ms CreateObjectMapping: 0.109200 ms MarkObjects: 3.421900 ms  DeleteObjects: 0.033800 ms)

Prepare: number of updated asset objects reloaded= 0
AssetImportParameters requested are different than current active one (requested -> active):
  custom:container-demuxer-ogg: 62fdf1f143b41e24485cea50d1cbac27 -> 
  custom:video-decoder-ogg-theora: a1e56fd34408186e4bbccfd4996cb3dc -> 
  custom:framework-win-MediaFoundation: 216162199b28c13a410421893ffa2e32 -> 
  custom:CustomObjectIndexerAttribute: 756ad292c208cfabdd7b50bc23989ffe -> 
  custom:container-demuxer-webm: 4f35f7cbe854078d1ac9338744f61a02 -> 
  custom:container-muxer-webm: aa71ff27fc2769a1b78a27578f13a17b -> 
  custom:video-decoder-webm-vp8: 9c59270c3fd7afecdb556c50c9e8de78 -> 
  custom:SearchIndexIgnoredProperties: e643bd26f0fe6173181afceb89e7c659 -> 
  custom:AudioImporter_EditorPlatform: d09bf68614088b80899f8185d706f6e7 -> 
  custom:video-encoder-webm-vp8: eb34c28f22e8b96e1ab97ce403110664 -> 
  custom:audio-decoder-ogg-vorbis: bf7c407c2cedff20999df2af8eb42d56 -> 
  custom:audio-encoder-webm-vorbis: bf7c407c2cedff20999df2af8eb42d56 -> 
Editor requested this worker to shutdown with reason: Scaling down because of idle timeout
TcpMessagingSession - receive error: operation aborted. errorcode: 995, details: ќпераци€ ввода/вывода была прервана из-за завершени€ потока команд или по запросу приложени€.
AssetImportWorker is now disconnected from the server
Process exiting
Exiting without the bug reporter. Application will terminate with return code 0